<?xml version="1.0" encoding="UTF-8"?>
<testng-results skipped="0" failed="0" total="1" passed="1">
  <reporter-output>
  </reporter-output>
  <suite name="Default suite" duration-ms="13633" started-at="2023-06-23T12:51:22Z" finished-at="2023-06-23T12:51:35Z">
    <groups>
    </groups>
    <test name="Default test" duration-ms="13633" started-at="2023-06-23T12:51:22Z" finished-at="2023-06-23T12:51:35Z">
      <class name="hrmlogin.Login">
        <test-method status="PASS" signature="launchApp()[pri:0, instance:hrmlogin.Login@4cb2c100]" name="launchApp" is-config="true" duration-ms="7100" started-at="2023-06-23T18:21:22Z" finished-at="2023-06-23T18:21:29Z">
          <reporter-output>
          </reporter-output>
        </test-method> <!-- launchApp -->
        <test-method status="PASS" signature="login()[pri:0, instance:hrmlogin.Login@4cb2c100]" name="login" duration-ms="6275" started-at="2023-06-23T18:21:29Z" finished-at="2023-06-23T18:21:35Z">
          <reporter-output>
          </reporter-output>
        </test-method> <!-- login -->
        <test-method status="PASS" signature="closeBroser()[pri:0, instance:hrmlogin.Login@4cb2c100]" name="closeBroser" is-config="true" duration-ms="244" started-at="2023-06-23T18:21:35Z" finished-at="2023-06-23T18:21:35Z">
          <reporter-output>
          </reporter-output>
        </test-method> <!-- closeBroser -->
      </class> <!-- hrmlogin.Login -->
    </test> <!-- Default test -->
  </suite> <!-- Default suite -->
</testng-results>
